# This is the CMakeCache file.
# For build in directory: /Users/votinhluombikip/Documents/bustub-private/build_rel
# It was generated by CMake: /opt/homebrew/Cellar/cmake/3.30.2/bin/cmake
# You can edit this file to change values found and used by cmake.
# If you do not want to change any of the values, simply exit the editor.
# If you do want to change a value, simply edit, save, and exit the editor.
# The syntax for the file is as follows:
# KEY:TYPE=VALUE
# KEY is the name of a variable in the cache.
# TYPE is a hint to GUIs for the type of VALUE, DO NOT EDIT TYPE!.
# VALUE is the current value for the KEY.

########################
# EXTERNAL cache entries
########################

//OFF
ARGPARSE_BUILD_TESTS:BOOL=OFF

//OFF
ARGPARSE_LONG_VERSION_ARG_ONLY:BOOL=OFF

//Link with this object to setup backward automatically
BACKWARD_ENABLE:STRING=$<TARGET_OBJECTS:backward_object>

//Build dynamic backward-cpp shared lib
BACKWARD_SHARED:BOOL=OFF

//Enable tests
BACKWARD_TESTS:BOOL=OFF

//Builds the googlemock subproject
BUILD_GMOCK:BOOL=ON

//Value Computed by CMake
BusTub_BINARY_DIR:STATIC=/Users/votinhluombikip/Documents/bustub-private/build_rel

//Value Computed by CMake
BusTub_IS_TOP_LEVEL:STATIC=ON

//Value Computed by CMake
BusTub_SOURCE_DIR:STATIC=/Users/votinhluombikip/Documents/bustub-private

//Path to a program.
CLANG_APPLY_REPLACEMENTS_BIN:FILEPATH=/opt/homebrew/opt/llvm@14/bin/clang-apply-replacements

//Path to a program.
CLANG_FORMAT_BIN:FILEPATH=/opt/homebrew/opt/llvm@14/bin/clang-format

//Path to a program.
CLANG_TIDY_BIN:FILEPATH=/opt/homebrew/opt/llvm@14/bin/clang-tidy

//Path to a program.
CMAKE_ADDR2LINE:FILEPATH=CMAKE_ADDR2LINE-NOTFOUND

//Path to a program.
CMAKE_AR:FILEPATH=/Library/Developer/CommandLineTools/usr/bin/ar

//Choose the type of build, options are: None Debug Release RelWithDebInfo
// MinSizeRel ...
CMAKE_BUILD_TYPE:STRING=Release

//Enable/Disable color output during build.
CMAKE_COLOR_MAKEFILE:BOOL=ON

//CXX compiler
CMAKE_CXX_COMPILER:FILEPATH=/Library/Developer/CommandLineTools/usr/bin/c++

//Flags used by the CXX compiler during all build types.
CMAKE_CXX_FLAGS:STRING=

//Flags used by the CXX compiler during DEBUG builds.
CMAKE_CXX_FLAGS_DEBUG:STRING=-g

//Flags used by the CXX compiler during MINSIZEREL builds.
CMAKE_CXX_FLAGS_MINSIZEREL:STRING=-Os -DNDEBUG

//Flags used by the CXX compiler during RELEASE builds.
CMAKE_CXX_FLAGS_RELEASE:STRING=-O3 -DNDEBUG

//Flags used by the CXX compiler during RELWITHDEBINFO builds.
CMAKE_CXX_FLAGS_RELWITHDEBINFO:STRING=-O2 -g -DNDEBUG

//C compiler
CMAKE_C_COMPILER:FILEPATH=/Library/Developer/CommandLineTools/usr/bin/cc

//Flags used by the C compiler during all build types.
CMAKE_C_FLAGS:STRING=

//Flags used by the C compiler during DEBUG builds.
CMAKE_C_FLAGS_DEBUG:STRING=-g

//Flags used by the C compiler during MINSIZEREL builds.
CMAKE_C_FLAGS_MINSIZEREL:STRING=-Os -DNDEBUG

//Flags used by the C compiler during RELEASE builds.
CMAKE_C_FLAGS_RELEASE:STRING=-O3 -DNDEBUG

//Flags used by the C compiler during RELWITHDEBINFO builds.
CMAKE_C_FLAGS_RELWITHDEBINFO:STRING=-O2 -g -DNDEBUG

//Path to a program.
CMAKE_DLLTOOL:FILEPATH=CMAKE_DLLTOOL-NOTFOUND

//Flags used by the linker during all build types.
CMAKE_EXE_LINKER_FLAGS:STRING=

//Flags used by the linker during DEBUG builds.
CMAKE_EXE_LINKER_FLAGS_DEBUG:STRING=

//Flags used by the linker during MINSIZEREL builds.
CMAKE_EXE_LINKER_FLAGS_MINSIZEREL:STRING=

//Flags used by the linker during RELEASE builds.
CMAKE_EXE_LINKER_FLAGS_RELEASE:STRING=

//Flags used by the linker during RELWITHDEBINFO builds.
CMAKE_EXE_LINKER_FLAGS_RELWITHDEBINFO:STRING=

//Value Computed by CMake.
CMAKE_FIND_PACKAGE_REDIRECTS_DIR:STATIC=/Users/votinhluombikip/Documents/bustub-private/build_rel/CMakeFiles/pkgRedirects

//User executables (bin)
CMAKE_INSTALL_BINDIR:PATH=bin

//Read-only architecture-independent data (DATAROOTDIR)
CMAKE_INSTALL_DATADIR:PATH=

//Read-only architecture-independent data root (share)
CMAKE_INSTALL_DATAROOTDIR:PATH=share

//Documentation root (DATAROOTDIR/doc/PROJECT_NAME)
CMAKE_INSTALL_DOCDIR:PATH=

//C header files (include)
CMAKE_INSTALL_INCLUDEDIR:PATH=include

//Info documentation (DATAROOTDIR/info)
CMAKE_INSTALL_INFODIR:PATH=

//Object code libraries (lib)
CMAKE_INSTALL_LIBDIR:PATH=lib

//Program executables (libexec)
CMAKE_INSTALL_LIBEXECDIR:PATH=libexec

//Locale-dependent data (DATAROOTDIR/locale)
CMAKE_INSTALL_LOCALEDIR:PATH=

//Modifiable single-machine data (var)
CMAKE_INSTALL_LOCALSTATEDIR:PATH=var

//Man documentation (DATAROOTDIR/man)
CMAKE_INSTALL_MANDIR:PATH=

//Path to a program.
CMAKE_INSTALL_NAME_TOOL:FILEPATH=/usr/bin/install_name_tool

//C header files for non-gcc (/usr/include)
CMAKE_INSTALL_OLDINCLUDEDIR:PATH=/usr/include

//Install path prefix, prepended onto install directories.
CMAKE_INSTALL_PREFIX:PATH=/usr/local

//Run-time variable data (LOCALSTATEDIR/run)
CMAKE_INSTALL_RUNSTATEDIR:PATH=

//System admin executables (sbin)
CMAKE_INSTALL_SBINDIR:PATH=sbin

//Modifiable architecture-independent data (com)
CMAKE_INSTALL_SHAREDSTATEDIR:PATH=com

//Read-only single-machine data (etc)
CMAKE_INSTALL_SYSCONFDIR:PATH=etc

//Path to a program.
CMAKE_LINKER:FILEPATH=/Library/Developer/CommandLineTools/usr/bin/ld

//Path to a program.
CMAKE_MAKE_PROGRAM:FILEPATH=/usr/bin/make

//Flags used by the linker during the creation of modules during
// all build types.
CMAKE_MODULE_LINKER_FLAGS:STRING=

//Flags used by the linker during the creation of modules during
// DEBUG builds.
CMAKE_MODULE_LINKER_FLAGS_DEBUG:STRING=

//Flags used by the linker during the creation of modules during
// MINSIZEREL builds.
CMAKE_MODULE_LINKER_FLAGS_MINSIZEREL:STRING=

//Flags used by the linker during the creation of modules during
// RELEASE builds.
CMAKE_MODULE_LINKER_FLAGS_RELEASE:STRING=

//Flags used by the linker during the creation of modules during
// RELWITHDEBINFO builds.
CMAKE_MODULE_LINKER_FLAGS_RELWITHDEBINFO:STRING=

//Path to a program.
CMAKE_NM:FILEPATH=/Library/Developer/CommandLineTools/usr/bin/nm

//Path to a program.
CMAKE_OBJCOPY:FILEPATH=CMAKE_OBJCOPY-NOTFOUND

//Path to a program.
CMAKE_OBJDUMP:FILEPATH=/Library/Developer/CommandLineTools/usr/bin/objdump

//Build architectures for OSX
CMAKE_OSX_ARCHITECTURES:STRING=

//Minimum OS X version to target for deployment (at runtime); newer
// APIs weak linked. Set to empty string for default value.
CMAKE_OSX_DEPLOYMENT_TARGET:STRING=

//The product will be built against the headers and libraries located
// inside the indicated SDK.
CMAKE_OSX_SYSROOT:PATH=/Library/Developer/CommandLineTools/SDKs/MacOSX14.4.sdk

//Value Computed by CMake
CMAKE_PROJECT_DESCRIPTION:STATIC=The BusTub Relational Database Management System (Educational) @ https://github.com/cmu-db/bustub

//Value Computed by CMake
CMAKE_PROJECT_HOMEPAGE_URL:STATIC=

//Value Computed by CMake
CMAKE_PROJECT_NAME:STATIC=BusTub

//Value Computed by CMake
CMAKE_PROJECT_VERSION:STATIC=2023.1

//Value Computed by CMake
CMAKE_PROJECT_VERSION_MAJOR:STATIC=2023

//Value Computed by CMake
CMAKE_PROJECT_VERSION_MINOR:STATIC=1

//Value Computed by CMake
CMAKE_PROJECT_VERSION_PATCH:STATIC=

//Value Computed by CMake
CMAKE_PROJECT_VERSION_TWEAK:STATIC=

//Path to a program.
CMAKE_RANLIB:FILEPATH=/Library/Developer/CommandLineTools/usr/bin/ranlib

//Path to a program.
CMAKE_READELF:FILEPATH=CMAKE_READELF-NOTFOUND

//Flags used by the linker during the creation of shared libraries
// during all build types.
CMAKE_SHARED_LINKER_FLAGS:STRING=

//Flags used by the linker during the creation of shared libraries
// during DEBUG builds.
CMAKE_SHARED_LINKER_FLAGS_DEBUG:STRING=

//Flags used by the linker during the creation of shared libraries
// during MINSIZEREL builds.
CMAKE_SHARED_LINKER_FLAGS_MINSIZEREL:STRING=

//Flags used by the linker during the creation of shared libraries
// during RELEASE builds.
CMAKE_SHARED_LINKER_FLAGS_RELEASE:STRING=

//Flags used by the linker during the creation of shared libraries
// during RELWITHDEBINFO builds.
CMAKE_SHARED_LINKER_FLAGS_RELWITHDEBINFO:STRING=

//If set, runtime paths are not added when installing shared libraries,
// but are added when building.
CMAKE_SKIP_INSTALL_RPATH:BOOL=NO

//If set, runtime paths are not added when using shared libraries.
CMAKE_SKIP_RPATH:BOOL=NO

//Flags used by the linker during the creation of static libraries
// during all build types.
CMAKE_STATIC_LINKER_FLAGS:STRING=

//Flags used by the linker during the creation of static libraries
// during DEBUG builds.
CMAKE_STATIC_LINKER_FLAGS_DEBUG:STRING=

//Flags used by the linker during the creation of static libraries
// during MINSIZEREL builds.
CMAKE_STATIC_LINKER_FLAGS_MINSIZEREL:STRING=

//Flags used by the linker during the creation of static libraries
// during RELEASE builds.
CMAKE_STATIC_LINKER_FLAGS_RELEASE:STRING=

//Flags used by the linker during the creation of static libraries
// during RELWITHDEBINFO builds.
CMAKE_STATIC_LINKER_FLAGS_RELWITHDEBINFO:STRING=

//Path to a program.
CMAKE_STRIP:FILEPATH=/Library/Developer/CommandLineTools/usr/bin/strip

//Path to a program.
CMAKE_TAPI:FILEPATH=/Library/Developer/CommandLineTools/usr/bin/tapi

//If this value is on, makefiles will be generated without the
// .SILENT directive, and all commands will be echoed to the console
// during the make.  This is useful for debugging only. With Visual
// Studio IDE projects all commands are done without /nologo.
CMAKE_VERBOSE_MAKEFILE:BOOL=FALSE

//Enable to build OSX bundles
CPACK_BINARY_BUNDLE:BOOL=OFF

//Enable to build Debian packages
CPACK_BINARY_DEB:BOOL=OFF

//Enable to build OSX Drag And Drop package
CPACK_BINARY_DRAGNDROP:BOOL=OFF

//Enable to build FreeBSD packages
CPACK_BINARY_FREEBSD:BOOL=OFF

//Enable to build IFW packages
CPACK_BINARY_IFW:BOOL=OFF

//Enable to build NSIS packages
CPACK_BINARY_NSIS:BOOL=OFF

//Enable to build productbuild packages
CPACK_BINARY_PRODUCTBUILD:BOOL=OFF

//Enable to build RPM packages
CPACK_BINARY_RPM:BOOL=OFF

//Enable to build STGZ packages
CPACK_BINARY_STGZ:BOOL=ON

//Enable to build TBZ2 packages
CPACK_BINARY_TBZ2:BOOL=OFF

//Enable to build TGZ packages
CPACK_BINARY_TGZ:BOOL=ON

//Enable to build TXZ packages
CPACK_BINARY_TXZ:BOOL=OFF

//Enable to build RPM source packages
CPACK_SOURCE_RPM:BOOL=OFF

//Enable to build TBZ2 source packages
CPACK_SOURCE_TBZ2:BOOL=ON

//Enable to build TGZ source packages
CPACK_SOURCE_TGZ:BOOL=ON

//Enable to build TXZ source packages
CPACK_SOURCE_TXZ:BOOL=ON

//Enable to build TZ source packages
CPACK_SOURCE_TZ:BOOL=ON

//Enable to build ZIP source packages
CPACK_SOURCE_ZIP:BOOL=OFF

//Path to a program.
CPPLINT_BIN:FILEPATH=/Users/votinhluombikip/Documents/bustub-private/build_support/cpplint.py

//Path to a file.
DWARF_INCLUDE_DIR:PATH=DWARF_INCLUDE_DIR-NOTFOUND

//Value Computed by CMake
FMT_BINARY_DIR:STATIC=/Users/votinhluombikip/Documents/bustub-private/build_rel/third_party/fmt

//Installation directory for cmake files, a relative path that
// will be joined with /usr/local or an absolute path.
FMT_CMAKE_DIR:STRING=lib/cmake/fmt

//Generate the cuda-test target.
FMT_CUDA_TEST:BOOL=OFF

//Debug library postfix.
FMT_DEBUG_POSTFIX:STRING=d

//Generate the doc target.
FMT_DOC:BOOL=OFF

//Generate the fuzz target.
FMT_FUZZ:BOOL=OFF

//Installation directory for include files, a relative path that
// will be joined with /usr/local or an absolute path.
FMT_INC_DIR:STRING=include

//Generate the install target.
FMT_INSTALL:BOOL=ON

//Value Computed by CMake
FMT_IS_TOP_LEVEL:STATIC=OFF

//Installation directory for libraries, a relative path that will
// be joined to /usr/local or an absolute path.
FMT_LIB_DIR:STRING=lib

//Build a module instead of a traditional library.
FMT_MODULE:BOOL=OFF

//Include core requiring OS (Windows/Posix) 
FMT_OS:BOOL=ON

//Enable extra warnings and expensive tests.
FMT_PEDANTIC:BOOL=OFF

//Installation directory for pkgconfig (.pc) files, a relative
// path that will be joined with /usr/local or an absolute path.
FMT_PKGCONFIG_DIR:STRING=lib/pkgconfig

//Value Computed by CMake
FMT_SOURCE_DIR:STATIC=/Users/votinhluombikip/Documents/bustub-private/third_party/fmt

//Expose headers with marking them as system.
FMT_SYSTEM_HEADERS:BOOL=OFF

//Generate the test target.
FMT_TEST:BOOL=OFF

//Halt the compilation with an error on compiler warnings.
FMT_WERROR:BOOL=OFF

//Build type
FORT_BUILD_TYPE:STRING=common

//Enable astyle
FORT_ENABLE_ASTYLE:BOOL=OFF

//Enable utf8 support
FORT_ENABLE_UTF8:BOOL=ON

//Enable wchar support
FORT_ENABLE_WCHAR:BOOL=ON

//Enable UTF8 support
FORT_HAVE_UTF8:STRING=ON

//Enable wchar support
FORT_HAVE_WCHAR:STRING=ON

//Use Abseil and RE2. Requires Abseil and RE2 to be separately
// added to the build.
GTEST_HAS_ABSL:BOOL=OFF

//Enable installation of googletest. (Projects embedding googletest
// may want to turn this OFF.)
INSTALL_GTEST:BOOL=ON

//Path to a file.
LIBBFD_INCLUDE_DIR:PATH=LIBBFD_INCLUDE_DIR-NOTFOUND

//Path to a library.
LIBBFD_LIBRARY:FILEPATH=LIBBFD_LIBRARY-NOTFOUND

//Path to a file.
LIBDL_INCLUDE_DIR:PATH=/Library/Developer/CommandLineTools/SDKs/MacOSX14.4.sdk/usr/include

//Path to a library.
LIBDL_LIBRARY:FILEPATH=/Library/Developer/CommandLineTools/SDKs/MacOSX14.4.sdk/usr/lib/libdl.tbd

//Path to a file.
LIBDWARF_INCLUDE_DIR:PATH=LIBDWARF_INCLUDE_DIR-NOTFOUND

//Path to a library.
LIBDWARF_LIBRARIES:FILEPATH=LIBDWARF_LIBRARIES-NOTFOUND

//Path to a library.
LIBDWARF_LIBRARY:FILEPATH=LIBDWARF_LIBRARY-NOTFOUND

//Path to a file.
LIBDW_INCLUDE_DIR:PATH=LIBDW_INCLUDE_DIR-NOTFOUND

//Path to a library.
LIBDW_LIBRARY:FILEPATH=LIBDW_LIBRARY-NOTFOUND

//Path to a file.
LIBELF_INCLUDE_DIR:PATH=LIBELF_INCLUDE_DIR-NOTFOUND

//Path to a file.
LIBELF_INCLUDE_DIRS:PATH=LIBELF_INCLUDE_DIRS-NOTFOUND

//Path to a library.
LIBELF_LIBRARIES:FILEPATH=/opt/homebrew/lib/libelf.a

//Path to a library.
LIBELF_LIBRARY:FILEPATH=/opt/homebrew/lib/libelf.a

//Fuzzing engine to link against
LIB_FUZZING_ENGINE:BOOL=OFF

//Arguments to supply to pkg-config
PKG_CONFIG_ARGN:STRING=

//pkg-config executable
PKG_CONFIG_EXECUTABLE:FILEPATH=PKG_CONFIG_EXECUTABLE-NOTFOUND

//Auto detect backward's stack details dependencies
STACK_DETAILS_AUTO_DETECT:BOOL=TRUE

//Use backtrace from (e)glibc for symbols resolution
STACK_DETAILS_BACKTRACE_SYMBOL:BOOL=FALSE

//Use libbfd to read debug info
STACK_DETAILS_BFD:BOOL=FALSE

//Use libdw to read debug info
STACK_DETAILS_DW:BOOL=FALSE

//Use libdwarf/libelf to read debug info
STACK_DETAILS_DWARF:BOOL=FALSE

//Use backtrace from (e)glibc for stack walking
STACK_WALKING_BACKTRACE:BOOL=FALSE

//Use libunwind for stack walking
STACK_WALKING_LIBUNWIND:BOOL=FALSE

//Use compiler's unwind API
STACK_WALKING_UNWIND:BOOL=TRUE

//Enable testing of utf8proc
UTF8PROC_ENABLE_TESTING:BOOL=OFF

//Enable installation of utf8proc
UTF8PROC_INSTALL:BOOL=ON

//Value Computed by CMake
argparse_BINARY_DIR:STATIC=/Users/votinhluombikip/Documents/bustub-private/build_rel/third_party/argparse

//Value Computed by CMake
argparse_IS_TOP_LEVEL:STATIC=OFF

//Value Computed by CMake
argparse_SOURCE_DIR:STATIC=/Users/votinhluombikip/Documents/bustub-private/third_party/argparse

//Value Computed by CMake
backward_BINARY_DIR:STATIC=/Users/votinhluombikip/Documents/bustub-private/build_rel/third_party/backward-cpp

//Value Computed by CMake
backward_IS_TOP_LEVEL:STATIC=OFF

//Value Computed by CMake
backward_SOURCE_DIR:STATIC=/Users/votinhluombikip/Documents/bustub-private/third_party/backward-cpp

//Dependencies for the target
bustub_LIB_DEPENDS:STATIC=general;bustub_murmur3;general;duckdb_pg_query;general;fmt;general;libfort::fort;

//Value Computed by CMake
duckdb_pg_query_BINARY_DIR:STATIC=/Users/votinhluombikip/Documents/bustub-private/build_rel/third_party/libpg_query

//Value Computed by CMake
duckdb_pg_query_IS_TOP_LEVEL:STATIC=OFF

//Value Computed by CMake
duckdb_pg_query_SOURCE_DIR:STATIC=/Users/votinhluombikip/Documents/bustub-private/third_party/libpg_query

//Value Computed by CMake
gmock_BINARY_DIR:STATIC=/Users/votinhluombikip/Documents/bustub-private/build_rel/third_party/googletest/googlemock

//Value Computed by CMake
gmock_IS_TOP_LEVEL:STATIC=OFF

//Value Computed by CMake
gmock_SOURCE_DIR:STATIC=/Users/votinhluombikip/Documents/bustub-private/third_party/googletest/googlemock

//Build all of Google Mock's own tests.
gmock_build_tests:BOOL=OFF

//Value Computed by CMake
googletest-distribution_BINARY_DIR:STATIC=/Users/votinhluombikip/Documents/bustub-private/build_rel/third_party/googletest

//Value Computed by CMake
googletest-distribution_IS_TOP_LEVEL:STATIC=OFF

//Value Computed by CMake
googletest-distribution_SOURCE_DIR:STATIC=/Users/votinhluombikip/Documents/bustub-private/third_party/googletest

//Value Computed by CMake
gtest_BINARY_DIR:STATIC=/Users/votinhluombikip/Documents/bustub-private/build_rel/third_party/googletest/googletest

//Value Computed by CMake
gtest_IS_TOP_LEVEL:STATIC=OFF

//Value Computed by CMake
gtest_SOURCE_DIR:STATIC=/Users/votinhluombikip/Documents/bustub-private/third_party/googletest/googletest

//Build gtest's sample programs.
gtest_build_samples:BOOL=OFF

//Build all of gtest's own tests.
gtest_build_tests:BOOL=OFF

//Disable uses of pthreads in gtest.
gtest_disable_pthreads:BOOL=OFF

//Use shared (DLL) run-time lib even when Google Test is built
// as static lib.
gtest_force_shared_crt:BOOL=ON

//Build gtest with internal symbols hidden in shared libraries.
gtest_hide_internal_symbols:BOOL=OFF

//Value Computed by CMake
libfort_BINARY_DIR:STATIC=/Users/votinhluombikip/Documents/bustub-private/build_rel/third_party/libfort

//Value Computed by CMake
libfort_IS_TOP_LEVEL:STATIC=OFF

//Value Computed by CMake
libfort_SOURCE_DIR:STATIC=/Users/votinhluombikip/Documents/bustub-private/third_party/libfort

//Value Computed by CMake
readerwriterqueue_BINARY_DIR:STATIC=/Users/votinhluombikip/Documents/bustub-private/build_rel/third_party/readerwriterqueue

//Value Computed by CMake
readerwriterqueue_IS_TOP_LEVEL:STATIC=OFF

//Value Computed by CMake
readerwriterqueue_SOURCE_DIR:STATIC=/Users/votinhluombikip/Documents/bustub-private/third_party/readerwriterqueue

//Value Computed by CMake
utf8proc_BINARY_DIR:STATIC=/Users/votinhluombikip/Documents/bustub-private/build_rel/third_party/utf8proc

//Value Computed by CMake
utf8proc_IS_TOP_LEVEL:STATIC=OFF

//Value Computed by CMake
utf8proc_SOURCE_DIR:STATIC=/Users/votinhluombikip/Documents/bustub-private/third_party/utf8proc


########################
# INTERNAL cache entries
########################

//ADVANCED property for variable: BACKWARD_DEFINITIONS
BACKWARD_DEFINITIONS-ADVANCED:INTERNAL=1
//BACKWARD_DEFINITIONS
BACKWARD_DEFINITIONS:INTERNAL=BACKWARD_HAS_UNWIND=1;BACKWARD_HAS_LIBUNWIND=0;BACKWARD_HAS_BACKTRACE=0;BACKWARD_HAS_BACKTRACE_SYMBOL=1;BACKWARD_HAS_DW=0;BACKWARD_HAS_BFD=0;BACKWARD_HAS_DWARF=0
//ADVANCED property for variable: BACKWARD_INCLUDE_DIRS
BACKWARD_INCLUDE_DIRS-ADVANCED:INTERNAL=1
//_BACKWARD_INCLUDE_DIRS
BACKWARD_INCLUDE_DIRS:INTERNAL=/Users/votinhluombikip/Documents/bustub-private/third_party/backward-cpp
//ADVANCED property for variable: BACKWARD_LIBRARIES
BACKWARD_LIBRARIES-ADVANCED:INTERNAL=1
//BACKWARD_LIBRARIES
BACKWARD_LIBRARIES:INTERNAL=
//ADVANCED property for variable: CMAKE_ADDR2LINE
CMAKE_ADDR2LINE-ADVANCED:INTERNAL=1
//ADVANCED property for variable: CMAKE_AR
CMAKE_AR-ADVANCED:INTERNAL=1
//This is the directory where this CMakeCache.txt was created
CMAKE_CACHEFILE_DIR:INTERNAL=/Users/votinhluombikip/Documents/bustub-private/build_rel
//Major version of cmake used to create the current loaded cache
CMAKE_CACHE_MAJOR_VERSION:INTERNAL=3
//Minor version of cmake used to create the current loaded cache
CMAKE_CACHE_MINOR_VERSION:INTERNAL=30
//Patch version of cmake used to create the current loaded cache
CMAKE_CACHE_PATCH_VERSION:INTERNAL=2
//ADVANCED property for variable: CMAKE_COLOR_MAKEFILE
CMAKE_COLOR_MAKEFILE-ADVANCED:INTERNAL=1
//Path to CMake executable.
CMAKE_COMMAND:INTERNAL=/opt/homebrew/Cellar/cmake/3.30.2/bin/cmake
//Path to cpack program executable.
CMAKE_CPACK_COMMAND:INTERNAL=/opt/homebrew/Cellar/cmake/3.30.2/bin/cpack
//Path to ctest program executable.
CMAKE_CTEST_COMMAND:INTERNAL=/opt/homebrew/Cellar/cmake/3.30.2/bin/ctest
//ADVANCED property for variable: CMAKE_CXX_COMPILER
CMAKE_CXX_COMPILER-ADVANCED:INTERNAL=1
//ADVANCED property for variable: CMAKE_CXX_FLAGS
CMAKE_CXX_FLAGS-ADVANCED:INTERNAL=1
//ADVANCED property for variable: CMAKE_CXX_FLAGS_DEBUG
CMAKE_CXX_FLAGS_DEBUG-ADVANCED:INTERNAL=1
//ADVANCED property for variable: CMAKE_CXX_FLAGS_MINSIZEREL
CMAKE_CXX_FLAGS_MINSIZEREL-ADVANCED:INTERNAL=1
//ADVANCED property for variable: CMAKE_CXX_FLAGS_RELEASE
CMAKE_CXX_FLAGS_RELEASE-ADVANCED:INTERNAL=1
//ADVANCED property for variable: CMAKE_CXX_FLAGS_RELWITHDEBINFO
CMAKE_CXX_FLAGS_RELWITHDEBINFO-ADVANCED:INTERNAL=1
//ADVANCED property for variable: CMAKE_C_COMPILER
CMAKE_C_COMPILER-ADVANCED:INTERNAL=1
//ADVANCED property for variable: CMAKE_C_FLAGS
CMAKE_C_FLAGS-ADVANCED:INTERNAL=1
//ADVANCED property for variable: CMAKE_C_FLAGS_DEBUG
CMAKE_C_FLAGS_DEBUG-ADVANCED:INTERNAL=1
//ADVANCED property for variable: CMAKE_C_FLAGS_MINSIZEREL
CMAKE_C_FLAGS_MINSIZEREL-ADVANCED:INTERNAL=1
//ADVANCED property for variable: CMAKE_C_FLAGS_RELEASE
CMAKE_C_FLAGS_RELEASE-ADVANCED:INTERNAL=1
//ADVANCED property for variable: CMAKE_C_FLAGS_RELWITHDEBINFO
CMAKE_C_FLAGS_RELWITHDEBINFO-ADVANCED:INTERNAL=1
//ADVANCED property for variable: CMAKE_DLLTOOL
CMAKE_DLLTOOL-ADVANCED:INTERNAL=1
//Path to cache edit program executable.
CMAKE_EDIT_COMMAND:INTERNAL=/opt/homebrew/Cellar/cmake/3.30.2/bin/ccmake
//Executable file format
CMAKE_EXECUTABLE_FORMAT:INTERNAL=MACHO
//ADVANCED property for variable: CMAKE_EXE_LINKER_FLAGS
CMAKE_EXE_LINKER_FLAGS-ADVANCED:INTERNAL=1
//ADVANCED property for variable: CMAKE_EXE_LINKER_FLAGS_DEBUG
CMAKE_EXE_LINKER_FLAGS_DEBUG-ADVANCED:INTERNAL=1
//ADVANCED property for variable: CMAKE_EXE_LINKER_FLAGS_MINSIZEREL
CMAKE_EXE_LINKER_FLAGS_MINSIZEREL-ADVANCED:INTERNAL=1
//ADVANCED property for variable: CMAKE_EXE_LINKER_FLAGS_RELEASE
CMAKE_EXE_LINKER_FLAGS_RELEASE-ADVANCED:INTERNAL=1
//ADVANCED property for variable: CMAKE_EXE_LINKER_FLAGS_RELWITHDEBINFO
CMAKE_EXE_LINKER_FLAGS_RELWITHDEBINFO-ADVANCED:INTERNAL=1
//Name of external makefile project generator.
CMAKE_EXTRA_GENERATOR:INTERNAL=
//Name of generator.
CMAKE_GENERATOR:INTERNAL=Unix Makefiles
//Generator instance identifier.
CMAKE_GENERATOR_INSTANCE:INTERNAL=
//Name of generator platform.
CMAKE_GENERATOR_PLATFORM:INTERNAL=
//Name of generator toolset.
CMAKE_GENERATOR_TOOLSET:INTERNAL=
//Test CMAKE_HAVE_LIBC_PTHREAD
CMAKE_HAVE_LIBC_PTHREAD:INTERNAL=1
//Source directory with the top level CMakeLists.txt file for this
// project
CMAKE_HOME_DIRECTORY:INTERNAL=/Users/votinhluombikip/Documents/bustub-private
//ADVANCED property for variable: CMAKE_INSTALL_BINDIR
CMAKE_INSTALL_BINDIR-ADVANCED:INTERNAL=1
//ADVANCED property for variable: CMAKE_INSTALL_DATADIR
CMAKE_INSTALL_DATADIR-ADVANCED:INTERNAL=1
//ADVANCED property for variable: CMAKE_INSTALL_DATAROOTDIR
CMAKE_INSTALL_DATAROOTDIR-ADVANCED:INTERNAL=1
//ADVANCED property for variable: CMAKE_INSTALL_DOCDIR
CMAKE_INSTALL_DOCDIR-ADVANCED:INTERNAL=1
//ADVANCED property for variable: CMAKE_INSTALL_INCLUDEDIR
CMAKE_INSTALL_INCLUDEDIR-ADVANCED:INTERNAL=1
//ADVANCED property for variable: CMAKE_INSTALL_INFODIR
CMAKE_INSTALL_INFODIR-ADVANCED:INTERNAL=1
//ADVANCED property for variable: CMAKE_INSTALL_LIBDIR
CMAKE_INSTALL_LIBDIR-ADVANCED:INTERNAL=1
//ADVANCED property for variable: CMAKE_INSTALL_LIBEXECDIR
CMAKE_INSTALL_LIBEXECDIR-ADVANCED:INTERNAL=1
//ADVANCED property for variable: CMAKE_INSTALL_LOCALEDIR
CMAKE_INSTALL_LOCALEDIR-ADVANCED:INTERNAL=1
//ADVANCED property for variable: CMAKE_INSTALL_LOCALSTATEDIR
CMAKE_INSTALL_LOCALSTATEDIR-ADVANCED:INTERNAL=1
//ADVANCED property for variable: CMAKE_INSTALL_MANDIR
CMAKE_INSTALL_MANDIR-ADVANCED:INTERNAL=1
//ADVANCED property for variable: CMAKE_INSTALL_NAME_TOOL
CMAKE_INSTALL_NAME_TOOL-ADVANCED:INTERNAL=1
//ADVANCED property for variable: CMAKE_INSTALL_OLDINCLUDEDIR
CMAKE_INSTALL_OLDINCLUDEDIR-ADVANCED:INTERNAL=1
//ADVANCED property for variable: CMAKE_INSTALL_RUNSTATEDIR
CMAKE_INSTALL_RUNSTATEDIR-ADVANCED:INTERNAL=1
//ADVANCED property for variable: CMAKE_INSTALL_SBINDIR
CMAKE_INSTALL_SBINDIR-ADVANCED:INTERNAL=1
//ADVANCED property for variable: CMAKE_INSTALL_SHAREDSTATEDIR
CMAKE_INSTALL_SHAREDSTATEDIR-ADVANCED:INTERNAL=1
//ADVANCED property for variable: CMAKE_INSTALL_SYSCONFDIR
CMAKE_INSTALL_SYSCONFDIR-ADVANCED:INTERNAL=1
//ADVANCED property for variable: CMAKE_LINKER
CMAKE_LINKER-ADVANCED:INTERNAL=1
//ADVANCED property for variable: CMAKE_MAKE_PROGRAM
CMAKE_MAKE_PROGRAM-ADVANCED:INTERNAL=1
//ADVANCED property for variable: CMAKE_MODULE_LINKER_FLAGS
CMAKE_MODULE_LINKER_FLAGS-ADVANCED:INTERNAL=1
//ADVANCED property for variable: CMAKE_MODULE_LINKER_FLAGS_DEBUG
CMAKE_MODULE_LINKER_FLAGS_DEBUG-ADVANCED:INTERNAL=1
//ADVANCED property for variable: CMAKE_MODULE_LINKER_FLAGS_MINSIZEREL
CMAKE_MODULE_LINKER_FLAGS_MINSIZEREL-ADVANCED:INTERNAL=1
//ADVANCED property for variable: CMAKE_MODULE_LINKER_FLAGS_RELEASE
CMAKE_MODULE_LINKER_FLAGS_RELEASE-ADVANCED:INTERNAL=1
//ADVANCED property for variable: CMAKE_MODULE_LINKER_FLAGS_RELWITHDEBINFO
CMAKE_MODULE_LINKER_FLAGS_RELWITHDEBINFO-ADVANCED:INTERNAL=1
//ADVANCED property for variable: CMAKE_NM
CMAKE_NM-ADVANCED:INTERNAL=1
//number of local generators
CMAKE_NUMBER_OF_MAKEFILES:INTERNAL=47
//ADVANCED property for variable: CMAKE_OBJCOPY
CMAKE_OBJCOPY-ADVANCED:INTERNAL=1
//ADVANCED property for variable: CMAKE_OBJDUMP
CMAKE_OBJDUMP-ADVANCED:INTERNAL=1
//Platform information initialized
CMAKE_PLATFORM_INFO_INITIALIZED:INTERNAL=1
//ADVANCED property for variable: CMAKE_RANLIB
CMAKE_RANLIB-ADVANCED:INTERNAL=1
//ADVANCED property for variable: CMAKE_READELF
CMAKE_READELF-ADVANCED:INTERNAL=1
//Path to CMake installation.
CMAKE_ROOT:INTERNAL=/opt/homebrew/Cellar/cmake/3.30.2/share/cmake
//ADVANCED property for variable: CMAKE_SHARED_LINKER_FLAGS
CMAKE_SHARED_LINKER_FLAGS-ADVANCED:INTERNAL=1
//ADVANCED property for variable: CMAKE_SHARED_LINKER_FLAGS_DEBUG
CMAKE_SHARED_LINKER_FLAGS_DEBUG-ADVANCED:INTERNAL=1
//ADVANCED property for variable: CMAKE_SHARED_LINKER_FLAGS_MINSIZEREL
CMAKE_SHARED_LINKER_FLAGS_MINSIZEREL-ADVANCED:INTERNAL=1
//ADVANCED property for variable: CMAKE_SHARED_LINKER_FLAGS_RELEASE
CMAKE_SHARED_LINKER_FLAGS_RELEASE-ADVANCED:INTERNAL=1
//ADVANCED property for variable: CMAKE_SHARED_LINKER_FLAGS_RELWITHDEBINFO
CMAKE_SHARED_LINKER_FLAGS_RELWITHDEBINFO-ADVANCED:INTERNAL=1
//ADVANCED property for variable: CMAKE_SKIP_INSTALL_RPATH
CMAKE_SKIP_INSTALL_RPATH-ADVANCED:INTERNAL=1
//ADVANCED property for variable: CMAKE_SKIP_RPATH
CMAKE_SKIP_RPATH-ADVANCED:INTERNAL=1
//ADVANCED property for variable: CMAKE_STATIC_LINKER_FLAGS
CMAKE_STATIC_LINKER_FLAGS-ADVANCED:INTERNAL=1
//ADVANCED property for variable: CMAKE_STATIC_LINKER_FLAGS_DEBUG
CMAKE_STATIC_LINKER_FLAGS_DEBUG-ADVANCED:INTERNAL=1
//ADVANCED property for variable: CMAKE_STATIC_LINKER_FLAGS_MINSIZEREL
CMAKE_STATIC_LINKER_FLAGS_MINSIZEREL-ADVANCED:INTERNAL=1
//ADVANCED property for variable: CMAKE_STATIC_LINKER_FLAGS_RELEASE
CMAKE_STATIC_LINKER_FLAGS_RELEASE-ADVANCED:INTERNAL=1
//ADVANCED property for variable: CMAKE_STATIC_LINKER_FLAGS_RELWITHDEBINFO
CMAKE_STATIC_LINKER_FLAGS_RELWITHDEBINFO-ADVANCED:INTERNAL=1
//ADVANCED property for variable: CMAKE_STRIP
CMAKE_STRIP-ADVANCED:INTERNAL=1
//ADVANCED property for variable: CMAKE_TAPI
CMAKE_TAPI-ADVANCED:INTERNAL=1
//uname command
CMAKE_UNAME:INTERNAL=/usr/bin/uname
//ADVANCED property for variable: CMAKE_VERBOSE_MAKEFILE
CMAKE_VERBOSE_MAKEFILE-ADVANCED:INTERNAL=1
//ADVANCED property for variable: CPACK_BINARY_BUNDLE
CPACK_BINARY_BUNDLE-ADVANCED:INTERNAL=1
//ADVANCED property for variable: CPACK_BINARY_DEB
CPACK_BINARY_DEB-ADVANCED:INTERNAL=1
//ADVANCED property for variable: CPACK_BINARY_DRAGNDROP
CPACK_BINARY_DRAGNDROP-ADVANCED:INTERNAL=1
//ADVANCED property for variable: CPACK_BINARY_FREEBSD
CPACK_BINARY_FREEBSD-ADVANCED:INTERNAL=1
//ADVANCED property for variable: CPACK_BINARY_IFW
CPACK_BINARY_IFW-ADVANCED:INTERNAL=1
//ADVANCED property for variable: CPACK_BINARY_NSIS
CPACK_BINARY_NSIS-ADVANCED:INTERNAL=1
//ADVANCED property for variable: CPACK_BINARY_PRODUCTBUILD
CPACK_BINARY_PRODUCTBUILD-ADVANCED:INTERNAL=1
//ADVANCED property for variable: CPACK_BINARY_RPM
CPACK_BINARY_RPM-ADVANCED:INTERNAL=1
//ADVANCED property for variable: CPACK_BINARY_STGZ
CPACK_BINARY_STGZ-ADVANCED:INTERNAL=1
//ADVANCED property for variable: CPACK_BINARY_TBZ2
CPACK_BINARY_TBZ2-ADVANCED:INTERNAL=1
//ADVANCED property for variable: CPACK_BINARY_TGZ
CPACK_BINARY_TGZ-ADVANCED:INTERNAL=1
//ADVANCED property for variable: CPACK_BINARY_TXZ
CPACK_BINARY_TXZ-ADVANCED:INTERNAL=1
//ADVANCED property for variable: CPACK_SOURCE_RPM
CPACK_SOURCE_RPM-ADVANCED:INTERNAL=1
//ADVANCED property for variable: CPACK_SOURCE_TBZ2
CPACK_SOURCE_TBZ2-ADVANCED:INTERNAL=1
//ADVANCED property for variable: CPACK_SOURCE_TGZ
CPACK_SOURCE_TGZ-ADVANCED:INTERNAL=1
//ADVANCED property for variable: CPACK_SOURCE_TXZ
CPACK_SOURCE_TXZ-ADVANCED:INTERNAL=1
//ADVANCED property for variable: CPACK_SOURCE_TZ
CPACK_SOURCE_TZ-ADVANCED:INTERNAL=1
//ADVANCED property for variable: CPACK_SOURCE_ZIP
CPACK_SOURCE_ZIP-ADVANCED:INTERNAL=1
//ADVANCED property for variable: DWARF_INCLUDE_DIR
DWARF_INCLUDE_DIR-ADVANCED:INTERNAL=1
//ADVANCED property for variable: ELF_GETSHDRSTRNDX
ELF_GETSHDRSTRNDX-ADVANCED:INTERNAL=1
//Test ELF_GETSHDRSTRNDX
ELF_GETSHDRSTRNDX:INTERNAL=
//Details about finding Backward
FIND_PACKAGE_MESSAGE_DETAILS_Backward:INTERNAL=[/Users/votinhluombikip/Documents/bustub-private/third_party/backward-cpp][v()]
//Details about finding Python3
FIND_PACKAGE_MESSAGE_DETAILS_Python3:INTERNAL=[/opt/homebrew/Frameworks/Python.framework/Versions/3.12/bin/python3.12][cfound components: Interpreter ][v3.12.5()]
//Details about finding Threads
FIND_PACKAGE_MESSAGE_DETAILS_Threads:INTERNAL=[TRUE][v()]
//STRINGS property for variable: FORT_BUILD_TYPE
FORT_BUILD_TYPE-STRINGS:INTERNAL=common;asan;ubsan;coveralls
//Enables building tests and examples
FORT_ENABLE_TESTING:INTERNAL=OFF
//Test HAS_NULLPTR_WARNING
HAS_NULLPTR_WARNING:INTERNAL=1
//ADVANCED property for variable: LIBBFD_INCLUDE_DIR
LIBBFD_INCLUDE_DIR-ADVANCED:INTERNAL=1
//ADVANCED property for variable: LIBBFD_LIBRARY
LIBBFD_LIBRARY-ADVANCED:INTERNAL=1
//ADVANCED property for variable: LIBDL_INCLUDE_DIR
LIBDL_INCLUDE_DIR-ADVANCED:INTERNAL=1
//ADVANCED property for variable: LIBDL_LIBRARY
LIBDL_LIBRARY-ADVANCED:INTERNAL=1
//ADVANCED property for variable: LIBDWARF_INCLUDE_DIR
LIBDWARF_INCLUDE_DIR-ADVANCED:INTERNAL=1
//ADVANCED property for variable: LIBDWARF_LIBRARIES
LIBDWARF_LIBRARIES-ADVANCED:INTERNAL=1
//ADVANCED property for variable: LIBDWARF_LIBRARY
LIBDWARF_LIBRARY-ADVANCED:INTERNAL=1
//ADVANCED property for variable: LIBDW_INCLUDE_DIR
LIBDW_INCLUDE_DIR-ADVANCED:INTERNAL=1
//ADVANCED property for variable: LIBDW_LIBRARY
LIBDW_LIBRARY-ADVANCED:INTERNAL=1
//ADVANCED property for variable: LIBELF_INCLUDE_DIR
LIBELF_INCLUDE_DIR-ADVANCED:INTERNAL=1
//ADVANCED property for variable: LIBELF_INCLUDE_DIRS
LIBELF_INCLUDE_DIRS-ADVANCED:INTERNAL=1
//ADVANCED property for variable: LIBELF_LIBRARIES
LIBELF_LIBRARIES-ADVANCED:INTERNAL=1
//ADVANCED property for variable: LIBELF_LIBRARY
LIBELF_LIBRARY-ADVANCED:INTERNAL=1
//ADVANCED property for variable: PKG_CONFIG_ARGN
PKG_CONFIG_ARGN-ADVANCED:INTERNAL=1
//ADVANCED property for variable: PKG_CONFIG_EXECUTABLE
PKG_CONFIG_EXECUTABLE-ADVANCED:INTERNAL=1
PkgConfig_LibDwarf_CFLAGS:INTERNAL=
PkgConfig_LibDwarf_CFLAGS_I:INTERNAL=
PkgConfig_LibDwarf_CFLAGS_OTHER:INTERNAL=
PkgConfig_LibDwarf_FOUND:INTERNAL=
PkgConfig_LibDwarf_INCLUDEDIR:INTERNAL=
PkgConfig_LibDwarf_LIBDIR:INTERNAL=
PkgConfig_LibDwarf_LIBS:INTERNAL=
PkgConfig_LibDwarf_LIBS_L:INTERNAL=
PkgConfig_LibDwarf_LIBS_OTHER:INTERNAL=
PkgConfig_LibDwarf_LIBS_PATHS:INTERNAL=
PkgConfig_LibDwarf_MODULE_NAME:INTERNAL=
PkgConfig_LibDwarf_PREFIX:INTERNAL=
PkgConfig_LibDwarf_STATIC_CFLAGS:INTERNAL=
PkgConfig_LibDwarf_STATIC_CFLAGS_I:INTERNAL=
PkgConfig_LibDwarf_STATIC_CFLAGS_OTHER:INTERNAL=
PkgConfig_LibDwarf_STATIC_LIBDIR:INTERNAL=
PkgConfig_LibDwarf_STATIC_LIBS:INTERNAL=
PkgConfig_LibDwarf_STATIC_LIBS_L:INTERNAL=
PkgConfig_LibDwarf_STATIC_LIBS_OTHER:INTERNAL=
PkgConfig_LibDwarf_STATIC_LIBS_PATHS:INTERNAL=
PkgConfig_LibDwarf_VERSION:INTERNAL=
PkgConfig_LibElf_CFLAGS:INTERNAL=
PkgConfig_LibElf_CFLAGS_I:INTERNAL=
PkgConfig_LibElf_CFLAGS_OTHER:INTERNAL=
PkgConfig_LibElf_FOUND:INTERNAL=
PkgConfig_LibElf_INCLUDEDIR:INTERNAL=
PkgConfig_LibElf_LIBDIR:INTERNAL=
PkgConfig_LibElf_LIBS:INTERNAL=
PkgConfig_LibElf_LIBS_L:INTERNAL=
PkgConfig_LibElf_LIBS_OTHER:INTERNAL=
PkgConfig_LibElf_LIBS_PATHS:INTERNAL=
PkgConfig_LibElf_MODULE_NAME:INTERNAL=
PkgConfig_LibElf_PREFIX:INTERNAL=
PkgConfig_LibElf_STATIC_CFLAGS:INTERNAL=
PkgConfig_LibElf_STATIC_CFLAGS_I:INTERNAL=
PkgConfig_LibElf_STATIC_CFLAGS_OTHER:INTERNAL=
PkgConfig_LibElf_STATIC_LIBDIR:INTERNAL=
PkgConfig_LibElf_STATIC_LIBS:INTERNAL=
PkgConfig_LibElf_STATIC_LIBS_L:INTERNAL=
PkgConfig_LibElf_STATIC_LIBS_OTHER:INTERNAL=
PkgConfig_LibElf_STATIC_LIBS_PATHS:INTERNAL=
PkgConfig_LibElf_VERSION:INTERNAL=
//CMAKE_INSTALL_PREFIX during last run
_GNUInstallDirs_LAST_CMAKE_INSTALL_PREFIX:INTERNAL=/usr/local
//Compiler reason failure
_Python3_Compiler_REASON_FAILURE:INTERNAL=
//Development reason failure
_Python3_Development_REASON_FAILURE:INTERNAL=
//Path to a program.
_Python3_EXECUTABLE:INTERNAL=/opt/homebrew/Frameworks/Python.framework/Versions/3.12/bin/python3.12
//Python3 Properties
_Python3_INTERPRETER_PROPERTIES:INTERNAL=Python;3;12;5;64;32;<none>;cpython-312-darwin;abi3;/opt/homebrew/opt/python@3.12/Frameworks/Python.framework/Versions/3.12/lib/python3.12;/opt/homebrew/opt/python@3.12/Frameworks/Python.framework/Versions/3.12/lib/python3.12;/opt/homebrew/lib/python3.12/site-packages;/opt/homebrew/lib/python3.12/site-packages
_Python3_INTERPRETER_SIGNATURE:INTERNAL=4a88e62a1732031393af8d56e6300efe
//NumPy reason failure
_Python3_NumPy_REASON_FAILURE:INTERNAL=
__pkg_config_checked_PkgConfig_LibDwarf:INTERNAL=1
__pkg_config_checked_PkgConfig_LibElf:INTERNAL=1
cmake_package_name:INTERNAL=GTest
generated_dir:INTERNAL=/Users/votinhluombikip/Documents/bustub-private/build_rel/third_party/googletest/googletest/generated
//ADVANCED property for variable: gmock_build_tests
gmock_build_tests-ADVANCED:INTERNAL=1
//ADVANCED property for variable: gtest_build_samples
gtest_build_samples-ADVANCED:INTERNAL=1
//ADVANCED property for variable: gtest_build_tests
gtest_build_tests-ADVANCED:INTERNAL=1
//ADVANCED property for variable: gtest_disable_pthreads
gtest_disable_pthreads-ADVANCED:INTERNAL=1
//ADVANCED property for variable: gtest_force_shared_crt
gtest_force_shared_crt-ADVANCED:INTERNAL=1
//ADVANCED property for variable: gtest_hide_internal_symbols
gtest_hide_internal_symbols-ADVANCED:INTERNAL=1
targets_export_name:INTERNAL=GTestTargets

